Release 14.7 - xst P.20131013 (nt64)
Copyright (c) 1995-2013 Xilinx, Inc.  All rights reserved.
--> Parameter TMPDIR set to xst/projnav.tmp


Total REAL time to Xst completion: 0.00 secs
Total CPU time to Xst completion: 0.09 secs
 
--> Parameter xsthdpdir set to xst


Total REAL time to Xst completion: 0.00 secs
Total CPU time to Xst completion: 0.09 secs
 
--> Reading design: lab2.prj

TABLE OF CONTENTS
  1) Synthesis Options Summary
  2) HDL Compilation
  3) Design Hierarchy Analysis
  4) HDL Analysis
  5) HDL Synthesis
     5.1) HDL Synthesis Report
  6) Advanced HDL Synthesis
     6.1) Advanced HDL Synthesis Report
  7) Low Level Synthesis
  8) Partition Report
  9) Final Report
	9.1) Device utilization summary
	9.2) Partition Resource Summary
	9.3) TIMING REPORT


=========================================================================
*                      Synthesis Options Summary                        *
=========================================================================
---- Source Parameters
Input File Name                    : "lab2.prj"
Input Format                       : mixed
Ignore Synthesis Constraint File   : NO

---- Target Parameters
Output File Name                   : "lab2"
Output Format                      : NGC
Target Device                      : xc3s1000-5-ft256

---- Source Options
Top Module Name                    : lab2
Automatic FSM Extraction           : YES
FSM Encoding Algorithm             : Auto
Safe Implementation                : No
FSM Style                          : LUT
RAM Extraction                     : Yes
RAM Style                          : Auto
ROM Extraction                     : Yes
Mux Style                          : Auto
Decoder Extraction                 : YES
Priority Encoder Extraction        : Yes
Shift Register Extraction          : YES
Logical Shifter Extraction         : YES
XOR Collapsing                     : YES
ROM Style                          : Auto
Mux Extraction                     : Yes
Resource Sharing                   : YES
Asynchronous To Synchronous        : NO
Multiplier Style                   : Auto
Automatic Register Balancing       : No

---- Target Options
Add IO Buffers                     : YES
Global Maximum Fanout              : 100000
Add Generic Clock Buffer(BUFG)     : 8
Register Duplication               : YES
Slice Packing                      : YES
Optimize Instantiated Primitives   : NO
Use Clock Enable                   : Yes
Use Synchronous Set                : Yes
Use Synchronous Reset              : Yes
Pack IO Registers into IOBs        : Auto
Equivalent register Removal        : YES

---- General Options
Optimization Goal                  : Speed
Optimization Effort                : 1
Keep Hierarchy                     : No
Netlist Hierarchy                  : As_Optimized
RTL Output                         : Yes
Global Optimization                : AllClockNets
Read Cores                         : YES
Write Timing Constraints           : NO
Cross Clock Analysis               : NO
Hierarchy Separator                : /
Bus Delimiter                      : <>
Case Specifier                     : Maintain
Slice Utilization Ratio            : 100
BRAM Utilization Ratio             : 100
Verilog 2001                       : YES
Auto BRAM Packing                  : NO
Slice Utilization Ratio Delta      : 5

=========================================================================


=========================================================================
*                          HDL Compilation                              *
=========================================================================
Compiling vhdl file "C:/Users/dario/Downloads/DAS/common/common.vhd" in Library work.
Architecture common of Entity common is up to date.
Compiling vhdl file "C:/Users/dario/Downloads/DAS/common/synchronizer.vhd" in Library work.
Architecture syn of Entity synchronizer is up to date.
Compiling vhdl file "C:/Users/dario/Downloads/DAS/common/debouncer.vhd" in Library work.
Architecture syn of Entity debouncer is up to date.
Compiling vhdl file "C:/Users/dario/Downloads/DAS/common/edgedetector.vhd" in Library work.
Architecture syn of Entity edgedetector is up to date.
Compiling vhdl file "C:/Users/dario/Downloads/DAS/lab2/modcounter.vhd" in Library work.
Architecture syn of Entity modcounter is up to date.
Compiling vhdl file "C:/Users/dario/Downloads/DAS/common/bin2segs.vhd" in Library work.
Architecture syn of Entity bin2segs is up to date.
Compiling vhdl file "C:/Users/dario/Downloads/DAS/lab2/lab2.vhd" in Library work.
Entity <lab2> compiled.
ERROR:HDLParsers:164 - "C:/Users/dario/Downloads/DAS/lab2/lab2.vhd" Line 123. parse error, unexpected POINT
ERROR:HDLParsers:164 - "C:/Users/dario/Downloads/DAS/lab2/lab2.vhd" Line 124. parse error, unexpected POINT
ERROR:HDLParsers:164 - "C:/Users/dario/Downloads/DAS/lab2/lab2.vhd" Line 126. parse error, unexpected POINT
ERROR:HDLParsers:164 - "C:/Users/dario/Downloads/DAS/lab2/lab2.vhd" Line 129. parse error, unexpected POINT
ERROR:HDLParsers:164 - "C:/Users/dario/Downloads/DAS/lab2/lab2.vhd" Line 137. parse error, unexpected POINT
ERROR:HDLParsers:164 - "C:/Users/dario/Downloads/DAS/lab2/lab2.vhd" Line 141. parse error, unexpected POINT
ERROR:HDLParsers:164 - "C:/Users/dario/Downloads/DAS/lab2/lab2.vhd" Line 144. parse error, unexpected POINT
ERROR:HDLParsers:164 - "C:/Users/dario/Downloads/DAS/lab2/lab2.vhd" Line 148. parse error, unexpected POINT
ERROR:HDLParsers:164 - "C:/Users/dario/Downloads/DAS/lab2/lab2.vhd" Line 155. parse error, unexpected POINT
ERROR:HDLParsers:164 - "C:/Users/dario/Downloads/DAS/lab2/lab2.vhd" Line 156. parse error, unexpected POINT
ERROR:HDLParsers:164 - "C:/Users/dario/Downloads/DAS/lab2/lab2.vhd" Line 158. parse error, unexpected POINT
ERROR:HDLParsers:164 - "C:/Users/dario/Downloads/DAS/lab2/lab2.vhd" Line 160. parse error, unexpected POINT
ERROR:HDLParsers:164 - "C:/Users/dario/Downloads/DAS/lab2/lab2.vhd" Line 163. parse error, unexpected POINT
ERROR:HDLParsers:164 - "C:/Users/dario/Downloads/DAS/lab2/lab2.vhd" Line 165. parse error, unexpected IF, expecting PROCESS
ERROR:HDLParsers:164 - "C:/Users/dario/Downloads/DAS/lab2/lab2.vhd" Line 169. parse error, unexpected POINT
ERROR:HDLParsers:164 - "C:/Users/dario/Downloads/DAS/lab2/lab2.vhd" Line 172. parse error, unexpected POINT
ERROR:HDLParsers:164 - "C:/Users/dario/Downloads/DAS/lab2/lab2.vhd" Line 175. parse error, unexpected POINT
ERROR:HDLParsers:164 - "C:/Users/dario/Downloads/DAS/lab2/lab2.vhd" Line 178. parse error, unexpected POINT
--> 

Total memory usage is 337972 kilobytes

Number of errors   :   18 (   0 filtered)
Number of warnings :    0 (   0 filtered)
Number of infos    :    0 (   0 filtered)

